Library/Bee/Android/Prj/Mono2x/Gradle/unityLibrary/build/intermediates/manifest_merge_blame_file/release/manifest-merger-blame-release-report.txt
1<?xml version="1.0" encoding="utf-8"?>
2<manifest xmlns:android="http://schemas.android.com/apk/res/android"
3    xmlns:tools="http://schemas.android.com/tools"
4    package="com.unity3d.player"
5    android:versionCode="1"
6    android:versionName="0.0.1" >
7
8    <uses-sdk
9        android:minSdkVersion="24"
9-->src\main\AndroidManifest.xml
10        android:targetSdkVersion="30" />
10-->src\main\AndroidManifest.xml
11
12    <uses-feature android:glEsVersion="0x00030001" />
12-->src\main\AndroidManifest.xml:27:3-52
12-->src\main\AndroidManifest.xml:27:17-49
13
14    <uses-permission android:name="android.permission.INTERNET" />
14-->src\main\AndroidManifest.xml:28:3-65
14-->src\main\AndroidManifest.xml:28:20-62
15    <uses-permission android:name="android.permission.ACCESS_NETWORK_STATE" />
15-->src\main\AndroidManifest.xml:29:3-77
15-->src\main\AndroidManifest.xml:29:20-74
16    <uses-permission android:name="android.permission.ACCESS_FINE_LOCATION" />
16-->src\main\AndroidManifest.xml:30:3-77
16-->src\main\AndroidManifest.xml:30:20-74
17
18    <uses-feature
18-->src\main\AndroidManifest.xml:31:3-89
19        android:name="android.hardware.location.gps"
19-->src\main\AndroidManifest.xml:31:17-61
20        android:required="false" />
20-->src\main\AndroidManifest.xml:31:62-86
21    <uses-feature
21-->src\main\AndroidManifest.xml:32:3-85
22        android:name="android.hardware.location"
22-->src\main\AndroidManifest.xml:32:17-57
23        android:required="false" />
23-->src\main\AndroidManifest.xml:32:58-82
24    <uses-feature
24-->src\main\AndroidManifest.xml:33:3-88
25        android:name="android.hardware.touchscreen"
25-->src\main\AndroidManifest.xml:33:17-60
26        android:required="false" />
26-->src\main\AndroidManifest.xml:33:61-85
27    <uses-feature
27-->src\main\AndroidManifest.xml:34:3-99
28        android:name="android.hardware.touchscreen.multitouch"
28-->src\main\AndroidManifest.xml:34:17-71
29        android:required="false" />
29-->src\main\AndroidManifest.xml:34:72-96
30    <uses-feature
30-->src\main\AndroidManifest.xml:35:3-108
31        android:name="android.hardware.touchscreen.multitouch.distinct"
31-->src\main\AndroidManifest.xml:35:17-80
32        android:required="false" />
32-->src\main\AndroidManifest.xml:35:81-105
33
34    <uses-permission android:name="android.permission.POST_NOTIFICATIONS" />
34-->src\main\AndroidManifest.xml:36:3-75
34-->src\main\AndroidManifest.xml:36:20-72
35    <uses-permission android:name="android.permission.CAMERA" />
35-->src\main\AndroidManifest.xml:37:3-63
35-->src\main\AndroidManifest.xml:37:20-60
36
37    <uses-feature
37-->src\main\AndroidManifest.xml:38:3-85
38        android:name="android.hardware.camera.ar"
38-->src\main\AndroidManifest.xml:38:17-58
39        android:required="true" />
39-->src\main\AndroidManifest.xml:38:59-82
40    <uses-feature
40-->src\main\AndroidManifest.xml:39:3-83
41        android:name="com.google.ar.core.depth"
41-->src\main\AndroidManifest.xml:39:17-56
42        android:required="true" />
42-->src\main\AndroidManifest.xml:39:57-80
43
44    <application android:extractNativeLibs="true" >
44-->src\main\AndroidManifest.xml:3:3-26:17
44-->src\main\AndroidManifest.xml:3:16-48
45        <activity
45-->src\main\AndroidManifest.xml:4:5-11:16
46            android:name="com.unity3d.player.UnityPlayerActivity"
46-->src\main\AndroidManifest.xml:4:15-68
47            android:configChanges="mcc|mnc|locale|touchscreen|keyboard|keyboardHidden|navigation|orientation|screenLayout|uiMode|screenSize|smallestScreenSize|fontScale|layoutDirection|density"
47-->src\main\AndroidManifest.xml:4:180-361
48            android:hardwareAccelerated="false"
48-->src\main\AndroidManifest.xml:4:397-432
49            android:launchMode="singleTask"
49-->src\main\AndroidManifest.xml:4:148-179
50            android:resizeableActivity="false"
50-->src\main\AndroidManifest.xml:4:362-396
51            android:screenOrientation="fullUser"
51-->src\main\AndroidManifest.xml:4:111-147
52            android:theme="@style/UnityThemeSelector" >
52-->src\main\AndroidManifest.xml:4:69-110
53            <intent-filter>
53-->src\main\AndroidManifest.xml:5:7-8:23
54                <action android:name="android.intent.action.MAIN" />
54-->src\main\AndroidManifest.xml:6:9-61
54-->src\main\AndroidManifest.xml:6:17-58
55
56                <category android:name="android.intent.category.LAUNCHER" />
56-->src\main\AndroidManifest.xml:7:9-69
56-->src\main\AndroidManifest.xml:7:19-66
57            </intent-filter>
58
59            <meta-data
59-->src\main\AndroidManifest.xml:9:7-82
60                android:name="unityplayer.UnityActivity"
60-->src\main\AndroidManifest.xml:9:18-58
61                android:value="true" />
61-->src\main\AndroidManifest.xml:9:59-79
62            <meta-data
62-->src\main\AndroidManifest.xml:10:7-78
63                android:name="android.notch_support"
63-->src\main\AndroidManifest.xml:10:18-54
64                android:value="true" />
64-->src\main\AndroidManifest.xml:10:55-75
65        </activity>
66
67        <meta-data
67-->src\main\AndroidManifest.xml:12:5-69
68            android:name="unity.splash-mode"
68-->src\main\AndroidManifest.xml:12:16-48
69            android:value="0" />
69-->src\main\AndroidManifest.xml:12:49-66
70        <meta-data
70-->src\main\AndroidManifest.xml:13:5-74
71            android:name="unity.splash-enable"
71-->src\main\AndroidManifest.xml:13:16-50
72            android:value="True" />
72-->src\main\AndroidManifest.xml:13:51-71
73        <meta-data
73-->src\main\AndroidManifest.xml:14:5-78
74            android:name="unity.launch-fullscreen"
74-->src\main\AndroidManifest.xml:14:16-54
75            android:value="True" />
75-->src\main\AndroidManifest.xml:14:55-75
76        <meta-data
76-->src\main\AndroidManifest.xml:15:5-84
77            android:name="unity.allow-resizable-window"
77-->src\main\AndroidManifest.xml:15:16-59
78            android:value="False" />
78-->src\main\AndroidManifest.xml:15:60-81
79        <meta-data
79-->src\main\AndroidManifest.xml:16:5-81
80            android:name="notch.config"
80-->src\main\AndroidManifest.xml:16:16-43
81            android:value="portrait|landscape" />
81-->src\main\AndroidManifest.xml:16:44-78
82
83        <receiver
83-->src\main\AndroidManifest.xml:17:5-113
84            android:name="com.unity.androidnotifications.UnityNotificationManager"
84-->src\main\AndroidManifest.xml:17:15-85
85            android:exported="false" />
85-->src\main\AndroidManifest.xml:17:86-110
86        <receiver
86-->src\main\AndroidManifest.xml:18:5-22:16
87            android:name="com.unity.androidnotifications.UnityNotificationRestartOnBootReceiver"
87-->src\main\AndroidManifest.xml:18:15-99
88            android:enabled="false"
88-->src\main\AndroidManifest.xml:18:100-123
89            android:exported="false" >
89-->src\main\AndroidManifest.xml:18:124-148
90            <intent-filter>
90-->src\main\AndroidManifest.xml:19:7-21:23
91                <action android:name="android.intent.action.BOOT_COMPLETED" />
91-->src\main\AndroidManifest.xml:20:9-71
91-->src\main\AndroidManifest.xml:20:17-68
92            </intent-filter>
93        </receiver>
94
95        <meta-data
95-->src\main\AndroidManifest.xml:23:5-99
96            android:name="com.unity.androidnotifications.exact_scheduling"
96-->src\main\AndroidManifest.xml:23:16-78
97            android:value="0" />
97-->src\main\AndroidManifest.xml:23:79-96
98        <meta-data
98-->src\main\AndroidManifest.xml:24:5-88
99            android:name="unityplayer.SkipPermissionsDialog"
99-->src\main\AndroidManifest.xml:24:16-64
100            android:value="true" />
100-->src\main\AndroidManifest.xml:24:65-85
101        <meta-data
101-->src\main\AndroidManifest.xml:25:5-77
102            android:name="com.google.ar.core"
102-->src\main\AndroidManifest.xml:25:16-49
103            android:value="required" />
103-->src\main\AndroidManifest.xml:25:50-74
104    </application>
105
106</manifest>